[22:08:45] [main/INFO]: Setting user: Player580
[22:08:50] [main/WARN]: Skipping bad option: lastServer:
[22:08:50] [main/INFO]: LWJGL Version: 2.9.4
[22:08:54] [main/INFO]: Reloading ResourceManager: Default, FMLFileResourcePack:Forge Mod Loader, FMLFileResourcePack:Minecraft Forge, FMLFileResourcePack:Mahabre
[22:08:58] [Sound Library Loader/INFO]: Starting up SoundSystem...
[22:08:58] [Thread-5/INFO]: Initializing LWJGL OpenAL
[22:08:58] [Thread-5/INFO]: (The LWJGL binding of OpenAL.  For more information, see http://www.lwjgl.org)
[22:08:59] [Thread-5/INFO]: OpenAL initialized.
[22:08:59] [Sound Library Loader/INFO]: Sound engine started
[22:09:04] [main/INFO]: Created: 512x512 textures-atlas
[22:09:07] [main/WARN]: Skipping bad option: lastServer:
[22:09:07] [main/INFO]: Narrator library for x64 successfully loaded
[22:09:23] [Server thread/INFO]: Starting integrated minecraft server version 1.12
[22:09:23] [Server thread/INFO]: Generating keypair
[22:09:24] [Server thread/INFO]: Loaded 488 advancements
[22:09:25] [Server thread/ERROR]: Encountered an unexpected exception
java.lang.ClassCastException: [Lnet.minecraft.world.gen.layer.GenLayer; cannot be cast to [Lru.d78boga.mahabre.world.layer.GenLayerMahabre;
	at ru.d78boga.mahabre.world.biome.BiomeProviderMahabre.<init>(BiomeProviderMahabre.java:33) ~[BiomeProviderMahabre.class:?]
	at ru.d78boga.mahabre.world.WorldProviderMahabre.init(WorldProviderMahabre.java:17) ~[WorldProviderMahabre.class:?]
	at net.minecraft.world.WorldProvider.setWorld(WorldProvider.java:54) ~[WorldProvider.class:?]
	at net.minecraft.world.WorldServer.<init>(WorldServer.java:121) ~[WorldServer.class:?]
	at net.minecraft.world.WorldServerMulti.<init>(WorldServerMulti.java:18) ~[WorldServerMulti.class:?]
	at net.minecraft.server.integrated.IntegratedServer.loadAllWorlds(IntegratedServer.java:127) ~[IntegratedServer.class:?]
	at net.minecraft.server.integrated.IntegratedServer.init(IntegratedServer.java:160) ~[IntegratedServer.class:?]
	at net.minecraft.server.MinecraftServer.run(MinecraftServer.java:549) [MinecraftServer.class:?]
	at java.lang.Thread.run(Unknown Source) [?:1.8.0_371]
[22:09:25] [Server thread/ERROR]: This crash report has been saved to: C:\Users\nikit\OneDrive\Рабочий стол\Mahabre\run\.\crash-reports\crash-2023-07-24_22.09.25-server.txt
[22:09:25] [Server thread/INFO]: Stopping server
[22:09:25] [Server thread/INFO]: Saving players
[22:09:25] [Server thread/INFO]: Saving worlds
[22:09:25] [Server thread/INFO]: Saving chunks for level 'Новый мир'/overworld
