[21:19:14] [main/INFO]: Setting user: Player166
[21:19:16] [main/WARN]: Skipping bad option: lastServer:
[21:19:16] [main/INFO]: LWJGL Version: 2.9.4
[21:19:19] [main/INFO]: Reloading ResourceManager: Default, FMLFileResourcePack:Forge Mod Loader, FMLFileResourcePack:Minecraft Forge, FMLFileResourcePack:Mahabre
[21:19:21] [Sound Library Loader/INFO]: Starting up SoundSystem...
[21:19:21] [Thread-5/INFO]: Initializing LWJGL OpenAL
[21:19:21] [Thread-5/INFO]: (The LWJGL binding of OpenAL.  For more information, see http://www.lwjgl.org)
[21:19:22] [Thread-5/INFO]: OpenAL initialized.
[21:19:22] [Sound Library Loader/INFO]: Sound engine started
[21:19:24] [main/INFO]: Created: 512x512 textures-atlas
[21:19:25] [main/WARN]: Skipping bad option: lastServer:
[21:19:25] [main/INFO]: Narrator library for x64 successfully loaded
[21:19:29] [Server thread/INFO]: Starting integrated minecraft server version 1.12
[21:19:29] [Server thread/INFO]: Generating keypair
[21:19:30] [Server thread/INFO]: Loaded 488 advancements
[21:19:30] [Server thread/INFO]: Preparing start region for level 0
[21:19:31] [Server thread/INFO]: Changing view distance to 12, from 10
[21:19:31] [main/WARN]: Couldn't look up profile properties for com.mojang.authlib.GameProfile@2180416f[id=a3e619b4-d03e-3df6-bc8e-533c5d67e6da,name=Player166,properties={},legacy=false]
com.mojang.authlib.exceptions.AuthenticationUnavailableException: Cannot contact authentication server
	at com.mojang.authlib.yggdrasil.YggdrasilAuthenticationService.makeRequest(YggdrasilAuthenticationService.java:85) ~[YggdrasilAuthenticationService.class:?]
	at com.mojang.authlib.yggdrasil.YggdrasilMinecraftSessionService.fillGameProfile(YggdrasilMinecraftSessionService.java:180) [YggdrasilMinecraftSessionService.class:?]
	at com.mojang.authlib.yggdrasil.YggdrasilMinecraftSessionService.fillProfileProperties(YggdrasilMinecraftSessionService.java:173) [YggdrasilMinecraftSessionService.class:?]
	at net.minecraft.client.Minecraft.launchIntegratedServer(Minecraft.java:2531) [Minecraft.class:?]
	at net.minecraftforge.fml.client.FMLClientHandler.tryLoadExistingWorld(FMLClientHandler.java:756) [FMLClientHandler.class:?]
	at net.minecraft.client.gui.GuiListWorldSelectionEntry.loadWorld(GuiListWorldSelectionEntry.java:253) [GuiListWorldSelectionEntry.class:?]
	at net.minecraft.client.gui.GuiListWorldSelectionEntry.joinWorld(GuiListWorldSelectionEntry.java:203) [GuiListWorldSelectionEntry.class:?]
	at net.minecraft.client.gui.GuiListWorldSelectionEntry.mousePressed(GuiListWorldSelectionEntry.java:167) [GuiListWorldSelectionEntry.class:?]
	at net.minecraft.client.gui.GuiListExtended.mouseClicked(GuiListExtended.java:57) [GuiListExtended.class:?]
	at net.minecraft.client.gui.GuiWorldSelection.mouseClicked(GuiWorldSelection.java:134) [GuiWorldSelection.class:?]
	at net.minecraft.client.gui.GuiScreen.handleMouseInput(GuiScreen.java:611) [GuiScreen.class:?]
	at net.minecraft.client.gui.GuiWorldSelection.handleMouseInput(GuiWorldSelection.java:49) [GuiWorldSelection.class:?]
	at net.minecraft.client.gui.GuiScreen.handleInput(GuiScreen.java:576) [GuiScreen.class:?]
	at net.minecraft.client.Minecraft.runTick(Minecraft.java:1866) [Minecraft.class:?]
	at net.minecraft.client.Minecraft.runGameLoop(Minecraft.java:1171) [Minecraft.class:?]
	at net.minecraft.client.Minecraft.run(Minecraft.java:436) [Minecraft.class:?]
	at net.minecraft.client.main.Main.main(Main.java:118) [Main.class:?]
	at sun.reflect.NativeMethodAccessorImpl.invoke0(Native Method) ~[?:1.8.0_371]
	at sun.reflect.NativeMethodAccessorImpl.invoke(Unknown Source) ~[?:1.8.0_371]
	at sun.reflect.DelegatingMethodAccessorImpl.invoke(Unknown Source) ~[?:1.8.0_371]
	at java.lang.reflect.Method.invoke(Unknown Source) ~[?:1.8.0_371]
	at net.minecraft.launchwrapper.Launch.launch(Launch.java:135) [launchwrapper-1.12.jar:?]
	at net.minecraft.launchwrapper.Launch.main(Launch.java:28) [launchwrapper-1.12.jar:?]
	at sun.reflect.NativeMethodAccessorImpl.invoke0(Native Method) ~[?:1.8.0_371]
	at sun.reflect.NativeMethodAccessorImpl.invoke(Unknown Source) ~[?:1.8.0_371]
	at sun.reflect.DelegatingMethodAccessorImpl.invoke(Unknown Source) ~[?:1.8.0_371]
	at java.lang.reflect.Method.invoke(Unknown Source) ~[?:1.8.0_371]
	at net.minecraftforge.gradle.GradleStartCommon.launch(GradleStartCommon.java:97) [start/:?]
	at GradleStart.main(GradleStart.java:25) [start/:?]
Caused by: java.net.UnknownHostException: sessionserver.mojang.com
	at java.net.AbstractPlainSocketImpl.connect(Unknown Source) ~[?:1.8.0_371]
	at java.net.PlainSocketImpl.connect(Unknown Source) ~[?:1.8.0_371]
	at java.net.SocksSocketImpl.connect(Unknown Source) ~[?:1.8.0_371]
	at java.net.Socket.connect(Unknown Source) ~[?:1.8.0_371]
	at sun.security.ssl.SSLSocketImpl.connect(Unknown Source) ~[?:1.8.0_371]
	at sun.net.NetworkClient.doConnect(Unknown Source) ~[?:1.8.0_371]
	at sun.net.www.http.HttpClient.openServer(Unknown Source) ~[?:1.8.0_371]
	at sun.net.www.http.HttpClient.openServer(Unknown Source) ~[?:1.8.0_371]
	at sun.net.www.protocol.https.HttpsClient.<init>(Unknown Source) ~[?:1.8.0_371]
	at sun.net.www.protocol.https.HttpsClient.New(Unknown Source) ~[?:1.8.0_371]
	at sun.net.www.protocol.https.AbstractDelegateHttpsURLConnection.getNewHttpClient(Unknown Source) ~[?:1.8.0_371]
	at sun.net.www.protocol.http.HttpURLConnection.plainConnect0(Unknown Source) ~[?:1.8.0_371]
	at sun.net.www.protocol.http.HttpURLConnection$6.run(Unknown Source) ~[?:1.8.0_371]
	at sun.net.www.protocol.http.HttpURLConnection$6.run(Unknown Source) ~[?:1.8.0_371]
	at java.security.AccessController.doPrivileged(Native Method) ~[?:1.8.0_371]
	at java.security.AccessController.doPrivilegedWithCombiner(Unknown Source) ~[?:1.8.0_371]
	at sun.net.www.protocol.http.HttpURLConnection.plainConnect(Unknown Source) ~[?:1.8.0_371]
	at sun.net.www.protocol.https.AbstractDelegateHttpsURLConnection.connect(Unknown Source) ~[?:1.8.0_371]
	at sun.net.www.protocol.http.HttpURLConnection.getInputStream0(Unknown Source) ~[?:1.8.0_371]
	at sun.net.www.protocol.http.HttpURLConnection.access$200(Unknown Source) ~[?:1.8.0_371]
	at sun.net.www.protocol.http.HttpURLConnection$9.run(Unknown Source) ~[?:1.8.0_371]
	at sun.net.www.protocol.http.HttpURLConnection$9.run(Unknown Source) ~[?:1.8.0_371]
	at java.security.AccessController.doPrivileged(Native Method) ~[?:1.8.0_371]
	at java.security.AccessController.doPrivilegedWithCombiner(Unknown Source) ~[?:1.8.0_371]
	at sun.net.www.protocol.http.HttpURLConnection.getInputStream(Unknown Source) ~[?:1.8.0_371]
	at sun.net.www.protocol.https.HttpsURLConnectionImpl.getInputStream(Unknown Source) ~[?:1.8.0_371]
	at com.mojang.authlib.HttpAuthenticationService.performGetRequest(HttpAuthenticationService.java:130) ~[HttpAuthenticationService.class:?]
	at com.mojang.authlib.yggdrasil.YggdrasilAuthenticationService.makeRequest(YggdrasilAuthenticationService.java:66) ~[YggdrasilAuthenticationService.class:?]
	... 28 more
[21:19:31] [Server thread/INFO]: Player166[local:E:a952a393] logged in with entity id 231 at (632.5792150619643, 6.0, 194.08957952835576)
[21:19:31] [Server thread/INFO]: Player166 присоединился к игре
[21:19:33] [Server thread/INFO]: Saving and pausing game...
[21:19:33] [Server thread/INFO]: Saving chunks for level 'Новый мир'/overworld
[21:19:33] [main/INFO]: Loaded 22 advancements
[21:19:33] [Server thread/INFO]: Saving chunks for level 'Новый мир'/the_nether
[21:19:33] [Server thread/INFO]: Saving chunks for level 'Новый мир'/the_end
[21:19:33] [Server thread/INFO]: Saving chunks for level 'Новый мир'/mahabre
[21:19:36] [Server thread/INFO]: Saving and pausing game...
[21:19:36] [Server thread/INFO]: Saving chunks for level 'Новый мир'/overworld
[21:19:36] [Server thread/INFO]: Saving chunks for level 'Новый мир'/the_nether
[21:19:36] [Server thread/INFO]: Saving chunks for level 'Новый мир'/the_end
[21:19:36] [Server thread/INFO]: Saving chunks for level 'Новый мир'/mahabre
[21:20:21] [Server thread/INFO]: Saving and pausing game...
[21:20:21] [Server thread/INFO]: Saving chunks for level 'Новый мир'/overworld
[21:20:21] [Server thread/INFO]: Saving chunks for level 'Новый мир'/the_nether
[21:20:21] [Server thread/INFO]: Saving chunks for level 'Новый мир'/the_end
[21:20:21] [Server thread/INFO]: Saving chunks for level 'Новый мир'/mahabre
[21:22:04] [Server thread/INFO]: Saving and pausing game...
[21:22:04] [Server thread/INFO]: Saving chunks for level 'Новый мир'/overworld
[21:22:04] [Server thread/INFO]: Saving chunks for level 'Новый мир'/the_nether
[21:22:04] [Server thread/INFO]: Saving chunks for level 'Новый мир'/the_end
[21:22:04] [Server thread/INFO]: Saving chunks for level 'Новый мир'/mahabre
[21:25:09] [Server thread/INFO]: Saving and pausing game...
[21:25:09] [Server thread/INFO]: Saving chunks for level 'Новый мир'/overworld
[21:25:09] [Server thread/INFO]: Saving chunks for level 'Новый мир'/the_nether
[21:25:09] [Server thread/INFO]: Saving chunks for level 'Новый мир'/the_end
[21:25:09] [Server thread/INFO]: Saving chunks for level 'Новый мир'/mahabre
