[22:10:36] [main/INFO]: Setting user: Player928
[22:10:41] [main/WARN]: Skipping bad option: lastServer:
[22:10:41] [main/INFO]: LWJGL Version: 2.9.4
[22:10:45] [main/INFO]: Reloading ResourceManager: Default, FMLFileResourcePack:Forge Mod Loader, FMLFileResourcePack:Minecraft Forge, FMLFileResourcePack:Mahabre
[22:10:49] [Sound Library Loader/INFO]: Starting up SoundSystem...
[22:10:50] [Thread-5/INFO]: Initializing LWJGL OpenAL
[22:10:50] [Thread-5/INFO]: (The LWJGL binding of OpenAL.  For more information, see http://www.lwjgl.org)
[22:10:50] [Thread-5/INFO]: OpenAL initialized.
[22:10:50] [Sound Library Loader/INFO]: Sound engine started
[22:10:56] [main/INFO]: Created: 512x512 textures-atlas
[22:10:59] [main/WARN]: Skipping bad option: lastServer:
[22:10:59] [main/INFO]: Narrator library for x64 successfully loaded
[22:11:00] [Realms Notification Availability checker #1/INFO]: Could not authorize you against Realms server: Invalid session id
[22:15:25] [Server thread/INFO]: Starting integrated minecraft server version 1.12
[22:15:25] [Server thread/INFO]: Generating keypair
[22:15:26] [Server thread/INFO]: Loaded 488 advancements
[22:15:26] [Server thread/ERROR]: Encountered an unexpected exception
java.lang.ClassCastException: net.minecraft.world.gen.layer.GenLayerVoronoiZoom cannot be cast to ru.d78boga.mahabre.world.layer.GenLayerMahabre
	at ru.d78boga.mahabre.world.biome.BiomeProviderMahabre.<init>(BiomeProviderMahabre.java:34) ~[BiomeProviderMahabre.class:?]
	at ru.d78boga.mahabre.world.WorldProviderMahabre.init(WorldProviderMahabre.java:17) ~[WorldProviderMahabre.class:?]
	at net.minecraft.world.WorldProvider.setWorld(WorldProvider.java:54) ~[WorldProvider.class:?]
	at net.minecraft.world.WorldServer.<init>(WorldServer.java:121) ~[WorldServer.class:?]
	at net.minecraft.world.WorldServerMulti.<init>(WorldServerMulti.java:18) ~[WorldServerMulti.class:?]
	at net.minecraft.server.integrated.IntegratedServer.loadAllWorlds(IntegratedServer.java:127) ~[IntegratedServer.class:?]
	at net.minecraft.server.integrated.IntegratedServer.init(IntegratedServer.java:160) ~[IntegratedServer.class:?]
	at net.minecraft.server.MinecraftServer.run(MinecraftServer.java:549) [MinecraftServer.class:?]
	at java.lang.Thread.run(Unknown Source) [?:1.8.0_371]
[22:15:26] [Server thread/ERROR]: This crash report has been saved to: C:\Users\nikit\OneDrive\Рабочий стол\Mahabre\run\.\crash-reports\crash-2023-07-24_22.15.26-server.txt
[22:15:26] [Server thread/INFO]: Stopping server
[22:15:26] [Server thread/INFO]: Saving players
[22:15:26] [Server thread/INFO]: Saving worlds
[22:15:26] [Server thread/INFO]: Saving chunks for level 'Новый мир'/overworld
