[20:18:11] [main/INFO]: Setting user: Player114
[20:18:23] [main/WARN]: Skipping bad option: lastServer:
[20:18:23] [main/INFO]: LWJGL Version: 2.9.4
[20:18:31] [main/INFO]: Reloading ResourceManager: Default, FMLFileResourcePack:Forge Mod Loader, FMLFileResourcePack:Minecraft Forge, FMLFileResourcePack:Mahabre
[20:18:37] [Sound Library Loader/INFO]: Starting up SoundSystem...
[20:18:38] [Thread-5/INFO]: Initializing LWJGL OpenAL
[20:18:38] [Thread-5/INFO]: (The LWJGL binding of OpenAL.  For more information, see http://www.lwjgl.org)
[20:18:38] [Thread-5/INFO]: OpenAL initialized.
[20:18:38] [Sound Library Loader/INFO]: Sound engine started
[20:18:44] [main/INFO]: Created: 512x512 textures-atlas
[20:18:46] [main/WARN]: Skipping bad option: lastServer:
[20:18:47] [main/INFO]: Narrator library for x64 successfully loaded
[20:18:48] [Realms Notification Availability checker #1/INFO]: Could not authorize you against Realms server: Invalid session id
[20:19:05] [Server thread/INFO]: Starting integrated minecraft server version 1.12
[20:19:05] [Server thread/INFO]: Generating keypair
[20:19:06] [Server thread/INFO]: Loaded 488 advancements
[20:19:07] [Server thread/INFO]: Preparing start region for level 0
[20:19:08] [Server thread/INFO]: Preparing spawn area: 5%
[20:19:09] [Server thread/INFO]: Preparing spawn area: 10%
[20:19:10] [Server thread/INFO]: Preparing spawn area: 16%
[20:19:11] [Server thread/INFO]: Preparing spawn area: 23%
[20:19:12] [Server thread/INFO]: Preparing spawn area: 30%
[20:19:13] [Server thread/INFO]: Preparing spawn area: 38%
[20:19:14] [Server thread/INFO]: Preparing spawn area: 46%
[20:19:15] [Server thread/INFO]: Preparing spawn area: 57%
[20:19:16] [Server thread/INFO]: Preparing spawn area: 69%
[20:19:17] [Server thread/INFO]: Preparing spawn area: 80%
[20:19:18] [Server thread/INFO]: Preparing spawn area: 89%
[20:19:20] [Server thread/INFO]: Changing view distance to 12, from 10
[20:19:22] [Server thread/INFO]: Player114[local:E:1f557fa0] logged in with entity id 2582 at (-255.5, 69.0, 29.5)
[20:19:22] [Server thread/INFO]: Player114 присоединился к игре
[20:19:25] [Server thread/WARN]: Can't keep up! Did the system time change, or is the server overloaded? Running 4148ms behind, skipping 82 tick(s)
[20:19:42] [Server thread/WARN]: Can't keep up! Did the system time change, or is the server overloaded? Running 3286ms behind, skipping 65 tick(s)
[20:19:59] [Server thread/WARN]: Can't keep up! Did the system time change, or is the server overloaded? Running 4593ms behind, skipping 91 tick(s)
[20:20:02] [Server thread/INFO]: [Player114: Ваш режим игры изменён на Режим выживания]
[20:20:02] [main/INFO]: [CHAT] Ваш игровой режим изменён на Режим выживания
[20:20:13] [Server thread/INFO]: [Player114: Ваш режим игры изменён на Творческий режим]
[20:20:13] [main/INFO]: [CHAT] Ваш игровой режим изменён на Творческий режим
[20:20:17] [main/INFO]: Loaded 3 advancements
[20:20:28] [main/INFO]: Loaded 6 advancements
[20:20:38] [main/INFO]: Loaded 8 advancements
[20:21:20] [main/INFO]: Loaded 13 advancements
[20:21:33] [main/INFO]: Loaded 15 advancements
[20:21:51] [main/INFO]: Loaded 16 advancements
[20:22:07] [Server thread/INFO]: Player114 получил достижение «[Куй железо...]»
[20:22:07] [main/INFO]: [CHAT] Player114 получил достижение «[Куй железо...]»
[20:22:07] [main/INFO]: Loaded 42 advancements
[20:22:22] [Server thread/INFO]: Saving and pausing game...
[20:22:22] [Server thread/INFO]: Saving chunks for level 'Новый мир'/overworld
[20:22:22] [Server thread/INFO]: Saving chunks for level 'Новый мир'/the_nether
[20:22:22] [Server thread/INFO]: Saving chunks for level 'Новый мир'/the_end
[20:22:22] [Server thread/INFO]: Saving chunks for level 'Новый мир'/mahabre
[20:22:23] [Server thread/INFO]: Stopping server
[20:22:23] [Server thread/INFO]: Saving players
[20:22:23] [Server thread/INFO]: Player114 lost connection: Отключение
[20:22:23] [Server thread/INFO]: Player114 покинул игру
[20:22:23] [Server thread/INFO]: Stopping singleplayer server as player logged out
[20:22:23] [Server thread/INFO]: Saving worlds
[20:22:23] [Server thread/INFO]: Saving chunks for level 'Новый мир'/overworld
[20:22:23] [Server thread/INFO]: Saving chunks for level 'Новый мир'/the_nether
[20:22:23] [Server thread/INFO]: Saving chunks for level 'Новый мир'/the_end
[20:22:23] [Server thread/INFO]: Saving chunks for level 'Новый мир'/mahabre
[20:22:24] [main/INFO]: Stopping!
[20:22:24] [main/INFO]: SoundSystem shutting down...
[20:22:24] [main/WARN]: Author: Paul Lamb, www.paulscode.com
