#
# A fatal error has been detected by the Java Runtime Environment:
#
#  EXCEPTION_ACCESS_VIOLATION (0xc0000005) at pc=0x00000195d4fa1066, pid=2736, tid=0x0000000000002164
#
# JRE version: Java(TM) SE Runtime Environment (8.0_371) (build 1.8.0_371-b11)
# Java VM: Java HotSpot(TM) 64-Bit Server VM (25.371-b11 mixed mode windows-amd64 compressed oops)
# Problematic frame:
# C  [CRYPTBASE.dll+0x11066]
#
# Failed to write core dump. Minidumps are not enabled by default on client versions of Windows
#
# If you would like to submit a bug report, please visit:
#   http://bugreport.java.com/bugreport/crash.jsp
# The crash happened outside the Java Virtual Machine in native code.
# See problematic frame for where to report the bug.
#

---------------  T H R E A D  ---------------

Current thread (0x00000195cb6fe000):  JavaThread "Thread-5" [_thread_in_native, id=8548, stack(0x0000001f0bd00000,0x0000001f0be00000)]

siginfo: ExceptionCode=0xc0000005, reading address 0x00000195cba98004

Registers:
RAX=0x0000000000000004, RBX=0x00000195d54f0090, RCX=0x00000195cba98008, RDX=0x00000195cba98004
RSP=0x0000001f0bdfee70, RBP=0x00000000000000ff, RSI=0x00000195cba97fac, RDI=0x0000000000000000
R8 =0x0000000000000016, R9 =0x00000195cba97fac, R10=0x00000195a876a002, R11=0x0000000053e3a5b0
R12=0x0000000000000001, R13=0x00000195da3b1788, R14=0x0000001f0bdff008, R15=0x00000195cb6fe000
RIP=0x00000195d4fa1066, EFLAGS=0x0000000000010202

Top of Stack: (sp=0x0000001f0bdfee70)
0x0000001f0bdfee70:   0000000000000004 00000195cb6fe000
0x0000001f0bdfee80:   0000001f0bdff008 00000195da3b1788
0x0000001f0bdfee90:   00000195da3b1788 00000006c4845a28
0x0000001f0bdfeea0:   00000195cb6fe000 0000000000000000
0x0000001f0bdfeeb0:   0000001f0bdfefd0 0000000053cc75a2
0x0000001f0bdfeec0:   0000001f0bdfeef0 00000195c5f8c030
0x0000001f0bdfeed0:   00000195da3b1788 00000195cbd17c10
0x0000001f0bdfeee0:   00000195cb6fe000 0000001f0bdff008
0x0000001f0bdfeef0:   00000195da3b1788 0000000000000000
0x0000001f0bdfef00:   00000195cba97fac 00000006c4845a28
0x0000001f0bdfef10:   0000001f0bdfefd0 00000195d4fa248f
0x0000001f0bdfef20:   00000195d54f0090 00000195d54f0090
0x0000001f0bdfef30:   000001950000ac44 0000019500000004
0x0000001f0bdfef40:   0000000000000010 00000195a876a02e
0x0000001f0bdfef50:   00000195da3b1788 00000195a8769d25
0x0000001f0bdfef60:   00000195da3b1788 0000001f0bdfefd0 

Instructions: (pc=0x00000195d4fa1066)
0x00000195d4fa1046:   41 2b ec 81 3a 03 00 02 00 75 09 8b 01 89 84 24
0x00000195d4fa1056:   c8 00 00 00 49 83 c0 02 48 83 c1 08 4a 8d 14 86
0x00000195d4fa1066:   39 3a 75 af 4c 8d 84 24 c0 00 00 00 48 8d 15 d7
0x00000195d4fa1076:   2b 03 00 33 c9 e8 58 5f 00 00 b8 40 1f 00 00 4c 


Register to memory mapping:

RAX=0x0000000000000004 is an unknown value
RBX=0x00000195d54f0090 is an unknown value
RCX=0x00000195cba98008 is an unknown value
RDX=0x00000195cba98004 is an unknown value
RSP=0x0000001f0bdfee70 is pointing into the stack for thread: 0x00000195cb6fe000
RBP=0x00000000000000ff is an unknown value
RSI=0x00000195cba97fac is an unknown value
RDI=0x0000000000000000 is an unknown value
R8 =0x0000000000000016 is an unknown value
R9 =0x00000195cba97fac is an unknown value
R10=0x00000195a876a002 is at code_begin+962 in an Interpreter codelet
method entry point (kind = native)  [0x00000195a8769c40, 0x00000195a876a6e0]  2720 bytes
R11=0x0000000053e3a5b0 is an unknown value
R12=0x0000000000000001 is an unknown value
R13={method} {0x00000195da3b1790} 'nalcCreateContext' '(JJ)J' in 'org/lwjgl/openal/ALC10'
R14=0x0000001f0bdff008 is pointing into the stack for thread: 0x00000195cb6fe000
R15=0x00000195cb6fe000 is a thread


Stack: [0x0000001f0bd00000,0x0000001f0be00000],  sp=0x0000001f0bdfee70,  free space=1019k
Native frames: (J=compiled Java code, j=interpreted, Vv=VM code, C=native code)
C  [OpenAL64.dll+0x11066]
C  [OpenAL64.dll+0x1248f]
C  0x00000195a876a02e

Java frames: (J=compiled Java code, j=interpreted, Vv=VM code)
j  org.lwjgl.openal.ALC10.nalcCreateContext(JJ)J+0
j  org.lwjgl.openal.ALC10.alcCreateContext(Lorg/lwjgl/openal/ALCdevice;Ljava/nio/IntBuffer;)Lorg/lwjgl/openal/ALCcontext;+8
j  org.lwjgl.openal.AL.init(Ljava/lang/String;IIZZ)V+69
j  org.lwjgl.openal.AL.create(Ljava/lang/String;IIZZ)V+246
j  org.lwjgl.openal.AL.create(Ljava/lang/String;IIZ)V+5
j  org.lwjgl.openal.AL.create()V+6
j  paulscode.sound.libraries.LibraryLWJGLOpenAL.init()V+2
j  paulscode.sound.SoundSystem.CommandNewLibrary(Ljava/lang/Class;)V+273
j  paulscode.sound.SoundSystem.CommandQueue(Lpaulscode/sound/CommandObject;)Z+1206
j  paulscode.sound.CommandThread.run()V+51
v  ~StubRoutines::call_stub

---------------  P R O C E S S  ---------------

Java Threads: ( => current thread )
  0x00000195cb6ff000 JavaThread "Thread-6" [_thread_blocked, id=16412, stack(0x0000001f0be00000,0x0000001f0bf00000)]
=>0x00000195cb6fe000 JavaThread "Thread-5" [_thread_in_native, id=8548, stack(0x0000001f0bd00000,0x0000001f0be00000)]
  0x00000195c5f2f800 JavaThread "Sound Library Loader" [_thread_blocked, id=16204, stack(0x0000001f0bc00000,0x0000001f0bd00000)]
  0x00000195c6d39000 JavaThread "LWJGL Timer" daemon [_thread_blocked, id=18848, stack(0x0000001f0bb00000,0x0000001f0bc00000)]
  0x00000195ca214000 JavaThread "Thread-3" [_thread_in_Java, id=18044, stack(0x0000001f0ba00000,0x0000001f0bb00000)]
  0x00000195c42ff000 JavaThread "Java2D Disposer" daemon [_thread_blocked, id=9476, stack(0x0000001f0b000000,0x0000001f0b100000)]
  0x00000195caa91800 JavaThread "Timer hack thread" daemon [_thread_blocked, id=20088, stack(0x0000001f0af00000,0x0000001f0b000000)]
  0x00000195c85bc000 JavaThread "Snooper Timer" daemon [_thread_blocked, id=16264, stack(0x0000001f0ae00000,0x0000001f0af00000)]
  0x00000195c3d8a800 JavaThread "Service Thread" daemon [_thread_blocked, id=3372, stack(0x0000001f0ac00000,0x0000001f0ad00000)]
  0x00000195c18b4000 JavaThread "C1 CompilerThread3" daemon [_thread_blocked, id=14944, stack(0x0000001f0ab00000,0x0000001f0ac00000)]
  0x00000195c18b0000 JavaThread "C2 CompilerThread2" daemon [_thread_blocked, id=15784, stack(0x0000001f0aa00000,0x0000001f0ab00000)]
  0x00000195c18aa800 JavaThread "C2 CompilerThread1" daemon [_thread_blocked, id=14200, stack(0x0000001f0a900000,0x0000001f0aa00000)]
  0x00000195c18a8000 JavaThread "C2 CompilerThread0" daemon [_thread_blocked, id=9368, stack(0x0000001f0a800000,0x0000001f0a900000)]
  0x00000195c18a7000 JavaThread "Attach Listener" daemon [_thread_blocked, id=14388, stack(0x0000001f0a700000,0x0000001f0a800000)]
  0x00000195c18a6800 JavaThread "Signal Dispatcher" daemon [_thread_blocked, id=10480, stack(0x0000001f0a600000,0x0000001f0a700000)]
  0x00000195c187f800 JavaThread "Finalizer" daemon [_thread_blocked, id=18660, stack(0x0000001f0a500000,0x0000001f0a600000)]
  0x00000195c184f800 JavaThread "Reference Handler" daemon [_thread_blocked, id=1968, stack(0x0000001f0a400000,0x0000001f0a500000)]
  0x00000195a6d88800 JavaThread "Client thread" [_thread_in_vm, id=11644, stack(0x0000001f09800000,0x0000001f09900000)]

Other Threads:
  0x00000195c1848800 VMThread [stack: 0x0000001f0a300000,0x0000001f0a400000] [id=7896]
  0x00000195c3dc4000 WatcherThread [stack: 0x0000001f0ad00000,0x0000001f0ae00000] [id=9780]

VM state:not at safepoint (normal execution)

VM Mutex/Monitor currently owned by a thread: None

heap address: 0x00000006c4800000, size: 4024 MB, Compressed Oops mode: Zero based, Oop shift amount: 3
Narrow klass base: 0x0000000000000000, Narrow klass shift: 3
Compressed class space size: 1073741824 Address: 0x00000007c0000000

Heap:
 PSYoungGen      total 867328K, used 663421K [0x000000076c300000, 0x00000007aed00000, 0x00000007c0000000)
  eden space 822784K, 80% used [0x000000076c300000,0x0000000794adf4b0,0x000000079e680000)
  from space 44544K, 0% used [0x000000079e680000,0x000000079e680000,0x00000007a1200000)
  to   space 62464K, 0% used [0x00000007ab000000,0x00000007ab000000,0x00000007aed00000)
 ParOldGen       total 258048K, used 125075K [0x00000006c4800000, 0x00000006d4400000, 0x000000076c300000)
  object space 258048K, 48% used [0x00000006c4800000,0x00000006cc224c58,0x00000006d4400000)
 Metaspace       used 43370K, capacity 43723K, committed 44352K, reserved 1087488K
  class space    used 5745K, capacity 5898K, committed 5952K, reserved 1048576K

Card table byte_map: [0x00000195b7b10000,0x00000195b82f0000] byte_map_base: 0x00000195b44ec000

Marking Bits: (ParMarkBitMap*) 0x000000005442d980
 Begin Bits: [0x00000195b8830000, 0x00000195bc710000)
 End Bits:   [0x00000195bc710000, 0x00000195c05f0000)

Polling page: 0x00000195a6d30000

CodeCache: size=245760Kb used=16244Kb max_used=16244Kb free=229515Kb
 bounds [0x00000195a8750000, 0x00000195a9750000, 0x00000195b7750000]
 total_blobs=4887 nmethods=4163 adapters=636
 compilation: enabled

Compilation events (10 events):
Event: 10.952 Thread 0x00000195c18b0000 5357       4       org.objectweb.asm.tree.ClassNode::visitOuterClass (16 bytes)
Event: 10.952 Thread 0x00000195c18b0000 nmethod 5357 0x00000195a97118d0 code [0x00000195a9711a00, 0x00000195a9711a98]
Event: 10.986 Thread 0x00000195c18b4000 5358       3       java.lang.Package::<init> (56 bytes)
Event: 10.986 Thread 0x00000195c18b4000 nmethod 5358 0x00000195a9712b10 code [0x00000195a9712c60, 0x00000195a9712f18]
Event: 10.986 Thread 0x00000195c18b4000 5359       3       java.util.jar.JarFile::maybeInstantiateVerifier (96 bytes)
Event: 10.987 Thread 0x00000195c18b4000 nmethod 5359 0x00000195a970f050 code [0x00000195a970f280, 0x00000195a970ff50]
Event: 10.994 Thread 0x00000195c18b4000 5360       3       java.lang.ClassLoader::compareCerts (149 bytes)
Event: 10.995 Thread 0x00000195c18b4000 nmethod 5360 0x00000195a9711d90 code [0x00000195a9711f60, 0x00000195a9712800]
Event: 10.997 Thread 0x00000195c18a8000 5361       4       org.objectweb.asm.MethodVisitor::visitTryCatchBlock (20 bytes)
Event: 11.000 Thread 0x00000195c18b4000 5362       3       com.google.gson.internal.bind.TypeAdapters$32::create (20 bytes)

GC Heap History (10 events):
Event: 3.672 GC heap before
{Heap before GC invocations=10 (full 2):
 PSYoungGen      total 508416K, used 26673K [0x000000076c300000, 0x000000078da00000, 0x00000007c0000000)
  eden space 470528K, 0% used [0x000000076c300000,0x000000076c300000,0x0000000788e80000)
  from space 37888K, 70% used [0x000000078b400000,0x000000078ce0c5d8,0x000000078d900000)
  to   space 38400K, 0% used [0x0000000788e80000,0x0000000788e80000,0x000000078b400000)
 ParOldGen       total 172032K, used 64277K [0x00000006c4800000, 0x00000006cf000000, 0x000000076c300000)
  object space 172032K, 37% used [0x00000006c4800000,0x00000006c86c5658,0x00000006cf000000)
 Metaspace       used 22203K, capacity 22538K, committed 22616K, reserved 1069056K
  class space    used 2711K, capacity 2808K, committed 2816K, reserved 1048576K
Event: 3.724 GC heap after
Heap after GC invocations=10 (full 2):
 PSYoungGen      total 508416K, used 0K [0x000000076c300000, 0x000000078da00000, 0x00000007c0000000)
  eden space 470528K, 0% used [0x000000076c300000,0x000000076c300000,0x0000000788e80000)
  from space 37888K, 0% used [0x000000078b400000,0x000000078b400000,0x000000078d900000)
  to   space 38400K, 0% used [0x0000000788e80000,0x0000000788e80000,0x000000078b400000)
 ParOldGen       total 151552K, used 53682K [0x00000006c4800000, 0x00000006cdc00000, 0x000000076c300000)
  object space 151552K, 35% used [0x00000006c4800000,0x00000006c7c6caa8,0x00000006cdc00000)
 Metaspace       used 22203K, capacity 22538K, committed 22616K, reserved 1069056K
  class space    used 2711K, capacity 2808K, committed 2816K, reserved 1048576K
}
Event: 5.013 GC heap before
{Heap before GC invocations=11 (full 2):
 PSYoungGen      total 508416K, used 470528K [0x000000076c300000, 0x000000078da00000, 0x00000007c0000000)
  eden space 470528K, 100% used [0x000000076c300000,0x0000000788e80000,0x0000000788e80000)
  from space 37888K, 0% used [0x000000078b400000,0x000000078b400000,0x000000078d900000)
  to   space 38400K, 0% used [0x0000000788e80000,0x0000000788e80000,0x000000078b400000)
 ParOldGen       total 151552K, used 53682K [0x00000006c4800000, 0x00000006cdc00000, 0x000000076c300000)
  object space 151552K, 35% used [0x00000006c4800000,0x00000006c7c6caa8,0x00000006cdc00000)
 Metaspace       used 26212K, capacity 26544K, committed 26880K, reserved 1073152K
  class space    used 3457K, capacity 3547K, committed 3584K, reserved 1048576K
Event: 5.025 GC heap after
Heap after GC invocations=11 (full 2):
 PSYoungGen      total 508928K, used 25564K [0x000000076c300000, 0x00000007a3d80000, 0x00000007c0000000)
  eden space 470528K, 0% used [0x000000076c300000,0x000000076c300000,0x0000000788e80000)
  from space 38400K, 66% used [0x0000000788e80000,0x000000078a777388,0x000000078b400000)
  to   space 37888K, 0% used [0x00000007a1880000,0x00000007a1880000,0x00000007a3d80000)
 ParOldGen       total 151552K, used 53690K [0x00000006c4800000, 0x00000006cdc00000, 0x000000076c300000)
  object space 151552K, 35% used [0x00000006c4800000,0x00000006c7c6eaa8,0x00000006cdc00000)
 Metaspace       used 26212K, capacity 26544K, committed 26880K, reserved 1073152K
  class space    used 3457K, capacity 3547K, committed 3584K, reserved 1048576K
}
Event: 5.949 GC heap before
{Heap before GC invocations=12 (full 2):
 PSYoungGen      total 508928K, used 496092K [0x000000076c300000, 0x00000007a3d80000, 0x00000007c0000000)
  eden space 470528K, 100% used [0x000000076c300000,0x0000000788e80000,0x0000000788e80000)
  from space 38400K, 66% used [0x0000000788e80000,0x000000078a777388,0x000000078b400000)
  to   space 37888K, 0% used [0x00000007a1880000,0x00000007a1880000,0x00000007a3d80000)
 ParOldGen       total 151552K, used 53690K [0x00000006c4800000, 0x00000006cdc00000, 0x000000076c300000)
  object space 151552K, 35% used [0x00000006c4800000,0x00000006c7c6eaa8,0x00000006cdc00000)
 Metaspace       used 31542K, capacity 31924K, committed 32256K, reserved 1077248K
  class space    used 4397K, capacity 4531K, committed 4608K, reserved 1048576K
Event: 5.967 GC heap after
Heap after GC invocations=12 (full 2):
 PSYoungGen      total 718336K, used 37887K [0x000000076c300000, 0x00000007a3d80000, 0x00000007c0000000)
  eden space 680448K, 0% used [0x000000076c300000,0x000000076c300000,0x0000000795b80000)
  from space 37888K, 99% used [0x00000007a1880000,0x00000007a3d7fe10,0x00000007a3d80000)
  to   space 44544K, 0% used [0x000000079e680000,0x000000079e680000,0x00000007a1200000)
 ParOldGen       total 151552K, used 60199K [0x00000006c4800000, 0x00000006cdc00000, 0x000000076c300000)
  object space 151552K, 39% used [0x00000006c4800000,0x00000006c82c9f38,0x00000006cdc00000)
 Metaspace       used 31542K, capacity 31924K, committed 32256K, reserved 1077248K
  class space    used 4397K, capacity 4531K, committed 4608K, reserved 1048576K
}
Event: 8.158 GC heap before
{Heap before GC invocations=13 (full 2):
 PSYoungGen      total 718336K, used 489568K [0x000000076c300000, 0x00000007a3d80000, 0x00000007c0000000)
  eden space 680448K, 66% used [0x000000076c300000,0x0000000787c18498,0x0000000795b80000)
  from space 37888K, 99% used [0x00000007a1880000,0x00000007a3d7fe10,0x00000007a3d80000)
  to   space 44544K, 0% used [0x000000079e680000,0x000000079e680000,0x00000007a1200000)
 ParOldGen       total 151552K, used 60199K [0x00000006c4800000, 0x00000006cdc00000, 0x000000076c300000)
  object space 151552K, 39% used [0x00000006c4800000,0x00000006c82c9f38,0x00000006cdc00000)
 Metaspace       used 37150K, capacity 37429K, committed 37696K, reserved 1081344K
  class space    used 5021K, capacity 5166K, committed 5184K, reserved 1048576K
Event: 8.185 GC heap after
Heap after GC invocations=13 (full 2):
 PSYoungGen      total 867328K, used 44528K [0x000000076c300000, 0x00000007aed00000, 0x00000007c0000000)
  eden space 822784K, 0% used [0x000000076c300000,0x000000076c300000,0x000000079e680000)
  from space 44544K, 99% used [0x000000079e680000,0x00000007a11fc360,0x00000007a1200000)
  to   space 62464K, 0% used [0x00000007ab000000,0x00000007ab000000,0x00000007aed00000)
 ParOldGen       total 151552K, used 93872K [0x00000006c4800000, 0x00000006cdc00000, 0x000000076c300000)
  object space 151552K, 61% used [0x00000006c4800000,0x00000006ca3ac228,0x00000006cdc00000)
 Metaspace       used 37150K, capacity 37429K, committed 37696K, reserved 1081344K
  class space    used 5021K, capacity 5166K, committed 5184K, reserved 1048576K
}
Event: 8.185 GC heap before
{Heap before GC invocations=14 (full 3):
 PSYoungGen      total 867328K, used 44528K [0x000000076c300000, 0x00000007aed00000, 0x00000007c0000000)
  eden space 822784K, 0% used [0x000000076c300000,0x000000076c300000,0x000000079e680000)
  from space 44544K, 99% used [0x000000079e680000,0x00000007a11fc360,0x00000007a1200000)
  to   space 62464K, 0% used [0x00000007ab000000,0x00000007ab000000,0x00000007aed00000)
 ParOldGen       total 151552K, used 93872K [0x00000006c4800000, 0x00000006cdc00000, 0x000000076c300000)
  object space 151552K, 61% used [0x00000006c4800000,0x00000006ca3ac228,0x00000006cdc00000)
 Metaspace       used 37150K, capacity 37429K, committed 37696K, reserved 1081344K
  class space    used 5021K, capacity 5166K, committed 5184K, reserved 1048576K
Event: 8.310 GC heap after
Heap after GC invocations=14 (full 3):
 PSYoungGen      total 867328K, used 0K [0x000000076c300000, 0x00000007aed00000, 0x00000007c0000000)
  eden space 822784K, 0% used [0x000000076c300000,0x000000076c300000,0x000000079e680000)
  from space 44544K, 0% used [0x000000079e680000,0x000000079e680000,0x00000007a1200000)
  to   space 62464K, 0% used [0x00000007ab000000,0x00000007ab000000,0x00000007aed00000)
 ParOldGen       total 258048K, used 125075K [0x00000006c4800000, 0x00000006d4400000, 0x000000076c300000)
  object space 258048K, 48% used [0x00000006c4800000,0x00000006cc224c58,0x00000006d4400000)
 Metaspace       used 37150K, capacity 37429K, committed 37696K, reserved 1081344K
  class space    used 5021K, capacity 5166K, committed 5184K, reserved 1048576K
}

Deoptimization events (10 events):
Event: 10.912 Thread 0x00000195a6d88800 Uncommon trap: reason=bimorphic action=maybe_recompile pc=0x00000195a8b2c044 method=java.util.regex.Pattern$CharProperty.match(Ljava/util/regex/Matcher;ILjava/lang/CharSequence;)Z @ 37
Event: 10.918 Thread 0x00000195a6d88800 Uncommon trap: reason=bimorphic action=maybe_recompile pc=0x00000195a911b470 method=java.util.regex.Pattern$Slice.match(Ljava/util/regex/Matcher;ILjava/lang/CharSequence;)Z @ 75
Event: 10.918 Thread 0x00000195a6d88800 Uncommon trap: reason=unstable_if action=reinterpret pc=0x00000195a8e6dc98 method=java.util.regex.Pattern$Curly.match0(Ljava/util/regex/Matcher;IILjava/lang/CharSequence;)Z @ 5
Event: 10.921 Thread 0x00000195a6d88800 Uncommon trap: reason=unstable_if action=reinterpret pc=0x00000195a91f3530 method=java.util.HashMap.putVal(ILjava/lang/Object;Ljava/lang/Object;ZZ)Ljava/lang/Object; @ 236
Event: 10.922 Thread 0x00000195a6d88800 Uncommon trap: reason=unstable_if action=reinterpret pc=0x00000195a929eaa8 method=java.util.Arrays.hashCode([B)I @ 1
Event: 10.927 Thread 0x00000195a6d88800 Uncommon trap: reason=bimorphic action=maybe_recompile pc=0x00000195a89c0718 method=java.util.regex.Pattern$Branch.match(Ljava/util/regex/Matcher;ILjava/lang/CharSequence;)Z @ 50
Event: 10.932 Thread 0x00000195a6d88800 Uncommon trap: reason=unstable_if action=reinterpret pc=0x00000195a8db826c method=java.util.jar.JarFile.maybeInstantiateVerifier()V @ 75
Event: 10.932 Thread 0x00000195a6d88800 Uncommon trap: reason=unstable_if action=reinterpret pc=0x00000195a8e08668 method=java.util.LinkedHashMap.get(Ljava/lang/Object;)Ljava/lang/Object; @ 20
Event: 10.933 Thread 0x00000195a6d88800 Uncommon trap: reason=bimorphic action=maybe_recompile pc=0x00000195a89c0718 method=java.util.regex.Pattern$Branch.match(Ljava/util/regex/Matcher;ILjava/lang/CharSequence;)Z @ 50
Event: 10.936 Thread 0x00000195a6d88800 Uncommon trap: reason=class_check action=maybe_recompile pc=0x00000195a8922948 method=com.google.common.collect.Lists.newArrayList(Ljava/lang/Iterable;)Ljava/util/ArrayList; @ 27

Classes redefined (0 events):
No events

Internal exceptions (10 events):
Event: 10.987 Thread 0x00000195cb6fe000 Exception <a 'org/lwjgl/LWJGLException'> (0x000000079477dbb8) thrown at [C:\jenkins\workspace\8-2-build-windows-x64-cygwin\jdk8u371\3355\hotspot\src\share\vm\prims\jni.cpp, line 710]
Event: 10.987 Thread 0x00000195cb6fe000 Exception <a 'org/lwjgl/LWJGLException'> (0x000000079477e218) thrown at [C:\jenkins\workspace\8-2-build-windows-x64-cygwin\jdk8u371\3355\hotspot\src\share\vm\prims\jni.cpp, line 710]
Event: 10.987 Thread 0x00000195cb6fe000 Exception <a 'org/lwjgl/LWJGLException'> (0x000000079477e868) thrown at [C:\jenkins\workspace\8-2-build-windows-x64-cygwin\jdk8u371\3355\hotspot\src\share\vm\prims\jni.cpp, line 710]
Event: 10.988 Thread 0x00000195cb6fe000 Exception <a 'org/lwjgl/LWJGLException'> (0x000000079477efc0) thrown at [C:\jenkins\workspace\8-2-build-windows-x64-cygwin\jdk8u371\3355\hotspot\src\share\vm\prims\jni.cpp, line 710]
Event: 10.988 Thread 0x00000195cb6fe000 Exception <a 'org/lwjgl/LWJGLException'> (0x000000079477f6e0) thrown at [C:\jenkins\workspace\8-2-build-windows-x64-cygwin\jdk8u371\3355\hotspot\src\share\vm\prims\jni.cpp, line 710]
Event: 10.988 Thread 0x00000195cb6fe000 Exception <a 'org/lwjgl/LWJGLException'> (0x000000079477fd00) thrown at [C:\jenkins\workspace\8-2-build-windows-x64-cygwin\jdk8u371\3355\hotspot\src\share\vm\prims\jni.cpp, line 710]
Event: 10.988 Thread 0x00000195cb6fe000 Exception <a 'org/lwjgl/LWJGLException'> (0x00000007947803b0) thrown at [C:\jenkins\workspace\8-2-build-windows-x64-cygwin\jdk8u371\3355\hotspot\src\share\vm\prims\jni.cpp, line 710]
Event: 10.988 Thread 0x00000195cb6fe000 Exception <a 'org/lwjgl/LWJGLException'> (0x00000007947809d0) thrown at [C:\jenkins\workspace\8-2-build-windows-x64-cygwin\jdk8u371\3355\hotspot\src\share\vm\prims\jni.cpp, line 710]
Event: 10.988 Thread 0x00000195cb6fe000 Exception <a 'org/lwjgl/LWJGLException'> (0x0000000794780fe8) thrown at [C:\jenkins\workspace\8-2-build-windows-x64-cygwin\jdk8u371\3355\hotspot\src\share\vm\prims\jni.cpp, line 710]
Event: 10.988 Thread 0x00000195cb6fe000 Exception <a 'org/lwjgl/LWJGLException'> (0x00000007947815a8) thrown at [C:\jenkins\workspace\8-2-build-windows-x64-cygwin\jdk8u371\3355\hotspot\src\share\vm\prims\jni.cpp, line 710]

Events (10 events):
Event: 10.998 loading class net/minecraftforge/client/model/BlockStateLoader$ForgeVariant
Event: 10.998 loading class net/minecraftforge/client/model/BlockStateLoader$ForgeVariant done
Event: 10.998 loading class org/lwjgl/openal/ALCcontext
Event: 10.998 loading class org/lwjgl/openal/ALCcontext done
Event: 10.998 loading class org/lwjgl/openal/Util
Event: 10.998 loading class org/lwjgl/openal/Util done
Event: 10.999 loading class org/lwjgl/openal/OpenALException
Event: 10.999 loading class org/lwjgl/openal/OpenALException done
Event: 10.999 loading class net/minecraftforge/client/model/BlockStateLoader$SubModel
Event: 10.999 loading class net/minecraftforge/client/model/BlockStateLoader$SubModel done


Dynamic libraries:
0x00007ff7f3060000 - 0x00007ff7f30aa000 	C:\Program Files\Java\jre-1.8\bin\javaw.exe
0x00007ffecb6d0000 - 0x00007ffecb8e4000 	C:\Windows\SYSTEM32\ntdll.dll
0x00007ffec9620000 - 0x00007ffec96e2000 	C:\Windows\System32\KERNEL32.DLL
0x00007ffec8d10000 - 0x00007ffec90b3000 	C:\Windows\System32\KERNELBASE.dll
0x00007ffec9e00000 - 0x00007ffec9eae000 	C:\Windows\System32\ADVAPI32.dll
0x00007ffec97f0000 - 0x00007ffec9897000 	C:\Windows\System32\msvcrt.dll
0x00007ffeca3c0000 - 0x00007ffeca464000 	C:\Windows\System32\sechost.dll
0x00007ffec9a00000 - 0x00007ffec9b17000 	C:\Windows\System32\RPCRT4.dll
0x00007ffecadb0000 - 0x00007ffecaf5a000 	C:\Windows\System32\USER32.dll
0x00007ffec8b40000 - 0x00007ffec8b66000 	C:\Windows\System32\win32u.dll
0x00007ffec95f0000 - 0x00007ffec9619000 	C:\Windows\System32\GDI32.dll
0x00007ffec9230000 - 0x00007ffec9349000 	C:\Windows\System32\gdi32full.dll
0x00007ffec9350000 - 0x00007ffec93ea000 	C:\Windows\System32\msvcp_win.dll
0x00007ffec8bf0000 - 0x00007ffec8d01000 	C:\Windows\System32\ucrtbase.dll
0x00007ffeab690000 - 0x00007ffeab91e000 	C:\Windows\WinSxS\amd64_microsoft.windows.common-controls_6595b64144ccf1df_6.0.22621.1635_none_270f70857386168e\COMCTL32.dll
0x00007ffec94b0000 - 0x00007ffec94e1000 	C:\Windows\System32\IMM32.DLL
0x00007ffeb0220000 - 0x00007ffeb023b000 	C:\Program Files\Java\jre-1.8\bin\vcruntime140.dll
0x00007ffec59b0000 - 0x00007ffec59bc000 	C:\Program Files\Java\jre-1.8\bin\vcruntime140_1.dll
0x00007ffeab590000 - 0x00007ffeab61e000 	C:\Program Files\Java\jre-1.8\bin\msvcp140.dll
0x0000000053c00000 - 0x00000000544a7000 	C:\Program Files\Java\jre-1.8\bin\server\jvm.dll
0x00007ffec9770000 - 0x00007ffec9778000 	C:\Windows\System32\PSAPI.DLL
0x00007ffebf000000 - 0x00007ffebf034000 	C:\Windows\SYSTEM32\WINMM.dll
0x00007ffeb78d0000 - 0x00007ffeb78da000 	C:\Windows\SYSTEM32\VERSION.dll
0x00007ffeafb40000 - 0x00007ffeafb49000 	C:\Windows\SYSTEM32\WSOCK32.dll
0x00007ffec96f0000 - 0x00007ffec9761000 	C:\Windows\System32\WS2_32.dll
0x00007ffec7af0000 - 0x00007ffec7b08000 	C:\Windows\SYSTEM32\kernel.appcore.dll
0x00007ffec36f0000 - 0x00007ffec3700000 	C:\Program Files\Java\jre-1.8\bin\verify.dll
0x00007ffeb01f0000 - 0x00007ffeb021b000 	C:\Program Files\Java\jre-1.8\bin\java.dll
0x00007ffead550000 - 0x00007ffead568000 	C:\Program Files\Java\jre-1.8\bin\zip.dll
0x00007ffeca550000 - 0x00007ffecad49000 	C:\Windows\System32\SHELL32.dll
0x00007ffec6a70000 - 0x00007ffec733e000 	C:\Windows\SYSTEM32\windows.storage.dll
0x00007ffecb2e0000 - 0x00007ffecb669000 	C:\Windows\System32\combase.dll
0x00007ffec6930000 - 0x00007ffec6a6e000 	C:\Windows\SYSTEM32\wintypes.dll
0x00007ffecb010000 - 0x00007ffecb101000 	C:\Windows\System32\SHCORE.dll
0x00007ffecad50000 - 0x00007ffecadae000 	C:\Windows\System32\shlwapi.dll
0x00007ffec8a00000 - 0x00007ffec8a26000 	C:\Windows\SYSTEM32\profapi.dll
0x00007ffec2330000 - 0x00007ffec233d000 	C:\Program Files\Java\jre-1.8\bin\management.dll
0x00007ffec81f0000 - 0x00007ffec820b000 	C:\Windows\SYSTEM32\CRYPTSP.dll
0x00007ffec7a50000 - 0x00007ffec7a85000 	C:\Windows\system32\rsaenh.dll
0x00007ffec8090000 - 0x00007ffec80bc000 	C:\Windows\SYSTEM32\USERENV.dll
0x00007ffec8390000 - 0x00007ffec83b8000 	C:\Windows\SYSTEM32\bcrypt.dll
0x00007ffec8b70000 - 0x00007ffec8bea000 	C:\Windows\System32\bcryptprimitives.dll
0x00007ffec8210000 - 0x00007ffec821c000 	C:\Windows\SYSTEM32\CRYPTBASE.dll
0x00007ffeabd10000 - 0x00007ffeabd2c000 	C:\Program Files\Java\jre-1.8\bin\net.dll
0x00007ffec7f90000 - 0x00007ffec7ff9000 	C:\Windows\system32\mswsock.dll
0x00007ffec75a0000 - 0x00007ffec75cd000 	C:\Windows\SYSTEM32\IPHLPAPI.DLL
0x00007ffec9df0000 - 0x00007ffec9df9000 	C:\Windows\System32\NSI.dll
0x00007ffebec60000 - 0x00007ffebec79000 	C:\Windows\SYSTEM32\dhcpcsvc6.DLL
0x00007ffebeb70000 - 0x00007ffebeb8f000 	C:\Windows\SYSTEM32\dhcpcsvc.DLL
0x00007ffec7610000 - 0x00007ffec7703000 	C:\Windows\SYSTEM32\DNSAPI.dll
0x00007ffeabcf0000 - 0x00007ffeabd03000 	C:\Program Files\Java\jre-1.8\bin\nio.dll
0x00007ffebec80000 - 0x00007ffebec8a000 	C:\Users\nikit\AppData\Local\Temp\jansi-64-2125457294404693909.dll
0x00007ffe8fb00000 - 0x00007ffe8fb17000 	C:\Windows\system32\napinsp.dll
0x00007ffe8fb20000 - 0x00007ffe8fb3b000 	C:\Windows\system32\pnrpnsp.dll
0x00007ffe8fb60000 - 0x00007ffe8fb71000 	C:\Windows\System32\winrnr.dll
0x00007ffebea00000 - 0x00007ffebea15000 	C:\Windows\system32\wshbth.dll
0x00007ffe8a0f0000 - 0x00007ffe8a111000 	C:\Windows\system32\nlansp_c.dll
0x00007ffebec50000 - 0x00007ffebec5a000 	C:\Windows\System32\rasadhlp.dll
0x00007ffebc6e0000 - 0x00007ffebc764000 	C:\Windows\System32\fwpuclnt.dll
0x00007ffebe1f0000 - 0x00007ffebe1fa000 	C:\Users\nikit\AppData\Local\Temp\jansi-64-3430151228552137059.dll
0x0000000180000000 - 0x0000000180053000 	C:\Users\nikit\.gradle\caches\minecraft\net\minecraft\natives\1.12\lwjgl64.dll
0x00007ffea1f90000 - 0x00007ffea2090000 	C:\Windows\SYSTEM32\OPENGL32.dll
0x00007ffeabcc0000 - 0x00007ffeabced000 	C:\Windows\SYSTEM32\GLU32.dll
0x00007ffec5cb0000 - 0x00007ffec5ce8000 	C:\Windows\SYSTEM32\dxcore.dll
0x00007ffe9c930000 - 0x00007ffe9caae000 	C:\Program Files\Java\jre-1.8\bin\awt.dll
0x00007ffeca470000 - 0x00007ffeca547000 	C:\Windows\System32\OLEAUT32.dll
0x00007ffec59e0000 - 0x00007ffec5a77000 	C:\Windows\SYSTEM32\apphelp.dll
0x00007ffec0ab0000 - 0x00007ffec0b6c000 	C:\Windows\SYSTEM32\mscms.dll
0x00007ffecaf60000 - 0x00007ffecb010000 	C:\Windows\System32\clbcatq.dll
0x00007ffebe8f0000 - 0x00007ffebe93e000 	C:\Windows\System32\Windows.Internal.Graphics.Display.DisplayColorManagement.dll
0x00007ffec8760000 - 0x00007ffec87ae000 	C:\Windows\SYSTEM32\cfgmgr32.dll
0x00007ffec5b90000 - 0x00007ffec5c3b000 	C:\Windows\system32\uxtheme.dll
0x00007ffec9cc0000 - 0x00007ffec9de7000 	C:\Windows\System32\MSCTF.dll
0x00007ffeb8e70000 - 0x00007ffeb8f9d000 	C:\Windows\SYSTEM32\textinputframework.dll
0x00007ffec55f0000 - 0x00007ffec5723000 	C:\Windows\SYSTEM32\CoreMessaging.dll
0x00007ffec1e90000 - 0x00007ffec21fc000 	C:\Windows\SYSTEM32\CoreUIComponents.dll
0x00007ffec2ff0000 - 0x00007ffec3038000 	C:\Windows\SYSTEM32\directxdatabasehelper.dll
0x00007ffebeec0000 - 0x00007ffebeff5000 	C:\Windows\System32\AppXDeploymentClient.dll
0x00007ffeb97a0000 - 0x00007ffeb9896000 	C:\Windows\System32\Windows.ApplicationModel.dll
0x00007ffec9b20000 - 0x00007ffec9cbc000 	C:\Windows\System32\ole32.dll
0x00007ffec3b10000 - 0x00007ffec3c10000 	C:\Windows\system32\propsys.dll
0x00007ffe82aa0000 - 0x00007ffe82ac6000 	C:\Windows\system32\mssprxy.dll
0x00007ffe561e0000 - 0x00007ffe572b7000 	C:\Windows\System32\DriverStore\FileRepository\iigd_dch.inf_amd64_c73cfa60d516cb00\igxelpicd64.dll
0x00007ffec5e20000 - 0x00007ffec5e4b000 	C:\Windows\system32\dwmapi.dll
0x00007ffec5d10000 - 0x00007ffec5e06000 	C:\Windows\system32\dxgi.dll
0x00007ffe9c7f0000 - 0x00007ffe9c928000 	C:\Windows\System32\DriverStore\FileRepository\iigd_dch.inf_amd64_c73cfa60d516cb00\igdml64.dll
0x00007ffebbf40000 - 0x00007ffebc355000 	C:\Windows\System32\DriverStore\FileRepository\iigd_dch.inf_amd64_c73cfa60d516cb00\igdgmm64.dll
0x00007ffec8710000 - 0x00007ffec873c000 	C:\Windows\SYSTEM32\DEVOBJ.dll
0x00007ffec8ad0000 - 0x00007ffec8b3b000 	C:\Windows\System32\WINTRUST.dll
0x00007ffec90c0000 - 0x00007ffec9227000 	C:\Windows\System32\CRYPT32.dll
0x00007ffec8680000 - 0x00007ffec8692000 	C:\Windows\SYSTEM32\MSASN1.dll
0x00007ffeabaa0000 - 0x00007ffeabae9000 	C:\Windows\SYSTEM32\icm32.dll
0x00007ffeb0b20000 - 0x00007ffeb509f000 	C:\Windows\System32\DriverStore\FileRepository\iigd_dch.inf_amd64_c73cfa60d516cb00\igc64.dll
0x00007ffec88f0000 - 0x00007ffec893d000 	C:\Windows\SYSTEM32\powrprof.dll
0x00007ffec87d0000 - 0x00007ffec87e3000 	C:\Windows\SYSTEM32\UMPDC.dll
0x00007ffea1d70000 - 0x00007ffea1db2000 	C:\Users\nikit\AppData\Local\Temp\jna--1045498746\jna2150520551675532395.dll
0x00000195d4f90000 - 0x00000195d4ff4000 	C:\Users\nikit\.gradle\caches\minecraft\net\minecraft\natives\1.12\OpenAL64.dll
0x00007ffebc640000 - 0x00007ffebc6dd000 	C:\Windows\System32\MMDevApi.dll
0x00007ffe8dce0000 - 0x00007ffe8dd82000 	C:\Windows\SYSTEM32\dsound.dll
0x00007ffe8ce40000 - 0x00007ffe8cef1000 	C:\Windows\SYSTEM32\ResampleDmo.DLL
0x00007ffeb7ca0000 - 0x00007ffeb7cc9000 	C:\Windows\SYSTEM32\winmmbase.dll
0x00007ffec5980000 - 0x00007ffec598b000 	C:\Windows\SYSTEM32\msdmo.dll
0x00007ffea91c0000 - 0x00007ffea93ac000 	C:\Windows\SYSTEM32\AUDIOSES.DLL
0x00007ffec63c0000 - 0x00007ffec65ee000 	C:\Windows\SYSTEM32\dbghelp.dll

VM Arguments:
jvm_args: -DFORGE_FORCE_FRAME_RECALC=true -Dfile.encoding=UTF-8 
java_command: GradleStart
java_class_path (initial): C:\Users\nikit\OneDrive\Рабочий стол\Mahabre\bin;C:\Users\nikit\.gradle\caches\minecraft\net\minecraftforge\forge\1.12-14.21.1.2443\snapshot\20170624\forgeSrc-1.12-14.21.1.2443.jar;C:\Users\nikit\.gradle\caches\modules-2\files-2.1\com.google.code.findbugs\jsr305\3.0.1\f7be08ec23c21485b9b5a1cf1654c2ec8c58168d\jsr305-3.0.1.jar;C:\Users\nikit\.gradle\caches\modules-2\files-2.1\com.mojang\patchy\1.3.9\eb8bb7b66fa0e2152b1b40b3856e82f7619439ee\patchy-1.3.9.jar;C:\Users\nikit\.gradle\caches\modules-2\files-2.1\oshi-project\oshi-core\1.1\9ddf7b048a8d701be231c0f4f95fd986198fd2d8\oshi-core-1.1.jar;C:\Users\nikit\.gradle\caches\modules-2\files-2.1\net.java.dev.jna\jna\4.4.0\cb208278274bf12ebdb56c61bd7407e6f774d65a\jna-4.4.0.jar;C:\Users\nikit\.gradle\caches\modules-2\files-2.1\net.java.dev.jna\platform\3.4.0\e3f70017be8100d3d6923f50b3d2ee17714e9c13\platform-3.4.0.jar;C:\Users\nikit\.gradle\caches\modules-2\files-2.1\com.ibm.icu\icu4j-core-mojang\51.2\63d216a9311cca6be337c1e458e587f99d382b84\icu4j-core-mojang-51.2.jar;C:\Users\nikit\.gradle\caches\modules-2\files-2.1\net.sf.jopt-simple\jopt-simple\5.0.3\cdd846cfc4e0f7eefafc02c0f5dce32b9303aa2a\jopt-simple-5.0.3.jar;C:\Users\nikit\.gradle\caches\modules-2\files-2.1\io.netty\netty-all\4.1.9.Final\97860965d6a0a6b98e7f569f3f966727b8db75\netty-all-4.1.9.Final.jar;C:\Users\nikit\.gradle\caches\modules-2\files-2.1\com.google.guava\guava\21.0\3a3d111be1be1b745edfa7d91678a12d7ed38709\guava-21.0.jar;C:\Users\nikit\.gradle\caches\modules-2\files-2.1\org.apache.commons\commons-lang3\3.5\6c6c702c89bfff3cd9e80b04d668c5e190d588c6\commons-lang3-3.5.jar;C:\Users\nikit\.gradle\caches\modules-2\files-2.1\commons-io\commons-io\2.5\2852e6e05fbb95076fc091f6d1780f1f8fe35e0f\commons-io-2.5.jar;C:\Users\nikit\.gradle\caches\modules-2\files-2.1\commons-codec\commons-codec\1.10\4b95f4897fa13f2cd904aee711aeafc0c5295cd8\commons-codec-1.10.jar;C:\Users\nikit\.gradle\caches\modules-2\files-2.1\net.java.jutils\jutils\1.0.0\e12fe1f
Launcher Type: SUN_STANDARD

Environment Variables:
PATH=C:/Users/nikit/.p2/pool/plugins/org.eclipse.justj.openjdk.hotspot.jre.full.win32.x86_64_17.0.7.v20230425-1502/jre/bin/server;C:/Users/nikit/.p2/pool/plugins/org.eclipse.justj.openjdk.hotspot.jre.full.win32.x86_64_17.0.7.v20230425-1502/jre/bin;C:\Program Files (x86)\Common Files\Oracle\Java\javapath;C:\Windows\system32;C:\Windows;C:\Windows\System32\Wbem;C:\Windows\System32\WindowsPowerShell\v1.0\;C:\Windows\System32\OpenSSH\;C:\Program Files\Microsoft SQL Server\150\Tools\Binn\;C:\Program Files\Microsoft SQL Server\Client SDK\ODBC\170\Tools\Binn\;C:\Program Files\dotnet\;"C:\Users\nikit\AppData\Local\Microsoft\WindowsApps;C:\Program Files\Java\jdk-1.8\bin";C:\Users\nikit\.dotnet\tools;;C:\Users\nikit\OneDrive\Рабочий стол;
USERNAME=nikita
OS=Windows_NT
PROCESSOR_IDENTIFIER=Intel64 Family 6 Model 154 Stepping 4, GenuineIntel



---------------  S Y S T E M  ---------------

OS: Windows 11 , 64 bit Build 22621 (10.0.22621.1928)

CPU:total 12 (initial active 12) (6 cores per cpu, 2 threads per core) family 6 model 154 stepping 4, cmov, cx8, fxsr, mmx, sse, sse2, sse3, ssse3, sse4.1, sse4.2, popcnt, avx, avx2, aes, clmul, erms, 3dnowpref, lzcnt, ht, tsc, tscinvbit, bmi1, bmi2, adx

Memory: 4k page, physical 16474616k(8582064k free), swap 19489272k(10256232k free)

vm_info: Java HotSpot(TM) 64-Bit Server VM (25.371-b11) for windows-amd64 JRE (1.8.0_371-b11), built on Mar 17 2023 04:03:45 by "java_re" with MS VC++ 17.1 (VS2022)

time: Thu Jul 27 11:25:10 2023
timezone: RTZ 2 ( Family 6 Model 154 Stepping 4, GenuineIntel
elapsed time: 11.034067 seconds (0d 0h 0m 11s)

